[09:39:57] [main/INFO] (FabricLoader/GameProvider) Loading Minecraft 1.19.2 with Fabric Loader 0.16.14
[09:39:57] [main/INFO] (FabricLoader) Loading 49 mods:
	- fabric-api 0.77.0+1.19.2
	- fabric-api-base 0.4.15+8f4e8eb390
	- fabric-api-lookup-api-v1 1.6.14+93d8cb8290
	- fabric-biome-api-v1 9.1.1+16f1e31390
	- fabric-block-api-v1 1.0.2+e415d50e90
	- fabric-blockrenderlayer-v1 1.1.25+cafc6e8e90
	- fabric-client-tags-api-v1 1.0.5+b35fea8390
	- fabric-command-api-v2 2.2.1+413cbbc790
	- fabric-content-registries-v0 3.5.2+7c6cd14d90
	- fabric-convention-tags-v1 1.3.0+4bc6e26290
	- fabric-crash-report-info-v1 0.2.8+aeb40ebe90
	- fabric-data-generation-api-v1 5.3.9+413cbbc790
	- fabric-dimensions-v1 2.1.35+0d0f210290
	- fabric-entity-events-v1 1.5.4+9244241690
	- fabric-events-interaction-v0 0.4.34+562bff6e90
	- fabric-game-rule-api-v1 1.0.24+b6b6abb490
	- fabric-gametest-api-v1 1.1.8+4d0d570390
	- fabric-item-api-v1 1.6.6+b7d1888890
	- fabric-item-groups-v0 0.3.39+9244241690
	- fabric-key-binding-api-v1 1.0.25+5c4fce2890
	- fabric-lifecycle-events-v1 2.2.4+1b46dc7890
	- fabric-loot-api-v2 1.1.13+83a8659290
	- fabric-message-api-v1 5.0.7+93d8cb8290
	- fabric-mining-level-api-v1 2.1.24+33fbc73890
	- fabric-models-v0 0.3.21+c6af733c90
	- fabric-networking-api-v1 1.2.12+def3f86d90
	- fabric-object-builder-api-v1 4.2.2+d8ef690890
	- fabric-particles-v1 1.1.0+ee641e7390
	- fabric-recipe-api-v1 1.0.2+413cbbc790
	- fabric-registry-sync-v0 0.9.33+9244241690
	- fabric-renderer-api-v1 1.2.1+1adbf27790
	- fabric-renderer-indigo 0.8.0+1adbf27790
	- fabric-rendering-data-attachment-v1 0.3.19+6e0787e690
	- fabric-rendering-fluids-v1 3.0.11+4d0d570390
	- fabric-rendering-v1 1.13.0+526f2c6790
	- fabric-resource-conditions-api-v1 2.1.2+aae9039d90
	- fabric-resource-loader-v0 0.8.4+edbdcddb90
	- fabric-screen-api-v1 1.0.32+4d0d570390
	- fabric-screen-handler-api-v1 1.3.8+1cc24b1b90
	- fabric-sound-api-v1 1.0.2+c4f28df590
	- fabric-textures-v0 1.0.24+aeb40ebe90
	- fabric-transfer-api-v1 2.1.6+413cbbc790
	- fabric-transitive-access-wideners-v1 1.3.3+08b73de490
	- fabricloader 0.16.14
	- java 17
	- minecraft 1.19.2
	- mixinextras 0.4.1
	- mtr 1.19.2-3.2.2-hotfix-1
	- rcap 1.0.0
[09:39:58] [main/INFO] (FabricLoader/Mixin) SpongePowered MIXIN Subsystem Version=0.8.7 Source=file:/C:/Users/harut/.gradle/caches/modules-2/files-2.1/net.fabricmc/sponge-mixin/0.15.5+mixin.0.8.7/22f9eb729e216a091673a574a5906dc1b9027fb3/sponge-mixin-0.15.5+mixin.0.8.7.jar Service=Knot/Fabric Env=CLIENT
[09:39:58] [main/INFO] (FabricLoader/Mixin) Loaded Fabric development mappings for mixin remapper!
[09:39:58] [main/INFO] (FabricLoader/Mixin) Compatibility level set to JAVA_16
[09:39:58] [main/INFO] (FabricLoader/Mixin) Compatibility level set to JAVA_17
[09:40:00] [main/INFO] (FabricLoader/MixinExtras|Service) Initializing MixinExtras via com.llamalad7.mixinextras.service.MixinExtrasServiceImpl(version=0.4.1).
[09:40:06] [main/INFO] (Minecraft) Building optimized datafixer
[09:40:11] [Render thread/INFO] (Minecraft) Environment: authHost='https://authserver.mojang.com', accountsHost='https://api.mojang.com', sessionHost='https://sessionserver.mojang.com', servicesHost='https://api.minecraftservices.com', name='PROD'
[09:40:12] [Render thread/ERROR] (Minecraft) Failed to verify authentication
com.mojang.authlib.exceptions.InvalidCredentialsException: Status: 401
	at com.mojang.authlib.exceptions.MinecraftClientHttpException.toAuthenticationException(MinecraftClientHttpException.java:56) ~[authlib-3.11.49.jar:?]
	at com.mojang.authlib.yggdrasil.YggdrasilUserApiService.fetchProperties(YggdrasilUserApiService.java:155) ~[authlib-3.11.49.jar:?]
	at com.mojang.authlib.yggdrasil.YggdrasilUserApiService.<init>(YggdrasilUserApiService.java:55) ~[authlib-3.11.49.jar:?]
	at com.mojang.authlib.yggdrasil.YggdrasilAuthenticationService.createUserApiService(YggdrasilAuthenticationService.java:161) ~[authlib-3.11.49.jar:?]
	at net.minecraft.client.MinecraftClient.createUserApiService(MinecraftClient.java:711) [minecraft-clientOnly-2c60f55561-1.19.2-net.fabricmc.yarn.1_19_2.1.19.2+build.28-v2.jar:?]
	at net.minecraft.client.MinecraftClient.<init>(MinecraftClient.java:431) [minecraft-clientOnly-2c60f55561-1.19.2-net.fabricmc.yarn.1_19_2.1.19.2+build.28-v2.jar:?]
	at net.minecraft.client.main.Main.main(Main.java:205) [minecraft-clientOnly-2c60f55561-1.19.2-net.fabricmc.yarn.1_19_2.1.19.2+build.28-v2.jar:?]
	at net.minecraft.client.main.Main.main(Main.java:51) [minecraft-clientOnly-2c60f55561-1.19.2-net.fabricmc.yarn.1_19_2.1.19.2+build.28-v2.jar:?]
	at net.fabricmc.loader.impl.game.minecraft.MinecraftGameProvider.launch(MinecraftGameProvider.java:480) [fabric-loader-0.16.14.jar:?]
	at net.fabricmc.loader.impl.launch.knot.Knot.launch(Knot.java:74) [fabric-loader-0.16.14.jar:?]
	at net.fabricmc.loader.impl.launch.knot.KnotClient.main(KnotClient.java:23) [fabric-loader-0.16.14.jar:?]
	at net.fabricmc.devlaunchinjector.Main.main(Main.java:86) [dev-launch-injector-0.2.1+build.8.jar:?]
Caused by: com.mojang.authlib.exceptions.MinecraftClientHttpException: Status: 401
	at com.mojang.authlib.minecraft.client.MinecraftClient.readInputStream(MinecraftClient.java:85) ~[authlib-3.11.49.jar:?]
	at com.mojang.authlib.minecraft.client.MinecraftClient.get(MinecraftClient.java:48) ~[authlib-3.11.49.jar:?]
	at com.mojang.authlib.yggdrasil.YggdrasilUserApiService.fetchProperties(YggdrasilUserApiService.java:129) ~[authlib-3.11.49.jar:?]
	... 10 more
[09:40:12] [Render thread/INFO] (Minecraft) Setting user: Player168
[09:40:12] [Render thread/ERROR] (Minecraft) No data fixer registered for seat
[09:40:12] [Render thread/ERROR] (Minecraft) No data fixer registered for lift_2_2
[09:40:12] [Render thread/ERROR] (Minecraft) No data fixer registered for lift_2_2_double_sided
[09:40:12] [Render thread/ERROR] (Minecraft) No data fixer registered for lift_3_2
[09:40:12] [Render thread/ERROR] (Minecraft) No data fixer registered for lift_3_2_double_sided
[09:40:12] [Render thread/ERROR] (Minecraft) No data fixer registered for lift_3_3
[09:40:12] [Render thread/ERROR] (Minecraft) No data fixer registered for lift_3_3_double_sided
[09:40:12] [Render thread/ERROR] (Minecraft) No data fixer registered for lift_4_3
[09:40:12] [Render thread/ERROR] (Minecraft) No data fixer registered for lift_4_3_double_sided
[09:40:12] [Render thread/ERROR] (Minecraft) No data fixer registered for lift_4_4
[09:40:12] [Render thread/ERROR] (Minecraft) No data fixer registered for lift_4_4_double_sided
[09:40:12] [Render thread/INFO] (log) Logging initialized @17451ms to mtr.libraries.org.eclipse.jetty.util.log.Slf4jLog
[09:40:13] [Render thread/INFO] (Indigo) [Indigo] Registering Indigo renderer!
[09:40:14] [Render thread/INFO] (Minecraft) [STDOUT]: Refreshed MTR mod config
[09:40:14] [ForkJoinPool.commonPool-worker-1/INFO] (Minecraft) [STDERR]: java.io.IOException: Server returned HTTP response code: 401 for URL: https://www.patreon.com/api/oauth2/v2/campaigns/7782318/members?include=currently_entitled_tiers&fields%5Bmember%5D=full_name,lifetime_support_cents,patron_status&fields%5Btier%5D=title,amount_cents&page%5Bcount%5D=2147483647
[09:40:14] [ForkJoinPool.commonPool-worker-1/INFO] (Minecraft) [STDERR]: 	at java.base/sun.net.www.protocol.http.HttpURLConnection.getInputStream0(HttpURLConnection.java:2018)
[09:40:14] [ForkJoinPool.commonPool-worker-1/INFO] (Minecraft) [STDERR]: 	at java.base/sun.net.www.protocol.http.HttpURLConnection.getInputStream(HttpURLConnection.java:1610)
[09:40:14] [ForkJoinPool.commonPool-worker-1/INFO] (Minecraft) [STDERR]: 	at java.base/sun.net.www.protocol.https.HttpsURLConnectionImpl.getInputStream(HttpsURLConnectionImpl.java:224)
[09:40:14] [ForkJoinPool.commonPool-worker-1/INFO] (Minecraft) [STDERR]: 	at knot//mtr.Patreon.openConnectionSafe(Patreon.java:72)
[09:40:14] [ForkJoinPool.commonPool-worker-1/INFO] (Minecraft) [STDERR]: 	at knot//mtr.Patreon.openConnectionSafeJson(Patreon.java:83)
[09:40:14] [ForkJoinPool.commonPool-worker-1/INFO] (Minecraft) [STDERR]: 	at knot//mtr.Patreon.lambda$getPatreonList$3(Patreon.java:43)
[09:40:14] [ForkJoinPool.commonPool-worker-1/INFO] (Minecraft) [STDERR]: 	at java.base/java.util.concurrent.CompletableFuture$AsyncRun.run$$$capture(CompletableFuture.java:1804)
[09:40:14] [ForkJoinPool.commonPool-worker-1/INFO] (Minecraft) [STDERR]: 	at java.base/java.util.concurrent.CompletableFuture$AsyncRun.run(CompletableFuture.java)
[09:40:14] [ForkJoinPool.commonPool-worker-1/INFO] (Minecraft) [STDERR]: 	at --- Async.Stack.Trace --- (captured by IntelliJ IDEA debugger)
[09:40:14] [ForkJoinPool.commonPool-worker-1/INFO] (Minecraft) [STDERR]: 	at java.base/java.util.concurrent.CompletableFuture$AsyncRun.<init>(CompletableFuture.java:1790)
[09:40:14] [ForkJoinPool.commonPool-worker-1/INFO] (Minecraft) [STDERR]: 	at java.base/java.util.concurrent.CompletableFuture.asyncRunStage(CompletableFuture.java:1818)
[09:40:14] [ForkJoinPool.commonPool-worker-1/INFO] (Minecraft) [STDERR]: 	at java.base/java.util.concurrent.CompletableFuture.runAsync(CompletableFuture.java:2018)
[09:40:14] [ForkJoinPool.commonPool-worker-1/INFO] (Minecraft) [STDERR]: 	at knot//mtr.Patreon.getPatreonList(Patreon.java:43)
[09:40:14] [ForkJoinPool.commonPool-worker-1/INFO] (Minecraft) [STDERR]: 	at knot//mtr.MTRClient.init(MTRClient.java:302)
[09:40:14] [ForkJoinPool.commonPool-worker-1/INFO] (Minecraft) [STDERR]: 	at knot//mtr.MTRFabricClient.onInitializeClient(MTRFabricClient.java:22)
[09:40:14] [ForkJoinPool.commonPool-worker-1/INFO] (Minecraft) [STDERR]: 	at net.fabricmc.loader.impl.FabricLoaderImpl.invokeEntrypoints(FabricLoaderImpl.java:399)
[09:40:14] [ForkJoinPool.commonPool-worker-1/INFO] (Minecraft) [STDERR]: 	at net.fabricmc.loader.impl.game.minecraft.Hooks.startClient(Hooks.java:53)
[09:40:14] [ForkJoinPool.commonPool-worker-1/INFO] (Minecraft) [STDERR]: 	at knot//net.minecraft.client.MinecraftClient.<init>(MinecraftClient.java:459)
[09:40:14] [ForkJoinPool.commonPool-worker-1/INFO] (Minecraft) [STDERR]: 	at knot//net.minecraft.client.main.Main.main(Main.java:205)
[09:40:14] [ForkJoinPool.commonPool-worker-1/INFO] (Minecraft) [STDERR]: 	at knot//net.minecraft.client.main.Main.main(Main.java:51)
[09:40:14] [ForkJoinPool.commonPool-worker-1/INFO] (Minecraft) [STDERR]: 	at net.fabricmc.loader.impl.game.minecraft.MinecraftGameProvider.launch(MinecraftGameProvider.java:480)
[09:40:14] [ForkJoinPool.commonPool-worker-1/INFO] (Minecraft) [STDERR]: 	at net.fabricmc.loader.impl.launch.knot.Knot.launch(Knot.java:74)
[09:40:14] [ForkJoinPool.commonPool-worker-1/INFO] (Minecraft) [STDERR]: 	at net.fabricmc.loader.impl.launch.knot.KnotClient.main(KnotClient.java:23)
[09:40:14] [ForkJoinPool.commonPool-worker-1/INFO] (Minecraft) [STDERR]: 	at net.fabricmc.devlaunchinjector.Main.main(Main.java:86)
[09:40:15] [Render thread/INFO] (Minecraft) Backend library: LWJGL version 3.3.1 SNAPSHOT
[09:40:18] [Worker-Main-6/ERROR] (Minecraft) Failed to retrieve profile key pair
java.io.IOException: Could not retrieve profile key pair
	at net.minecraft.client.util.ProfileKeys.fetchKeyPair(ProfileKeys.java:130) ~[minecraft-clientOnly-2c60f55561-1.19.2-net.fabricmc.yarn.1_19_2.1.19.2+build.28-v2.jar:?]
	at net.minecraft.client.util.ProfileKeys.method_44291(ProfileKeys.java:69) ~[minecraft-clientOnly-2c60f55561-1.19.2-net.fabricmc.yarn.1_19_2.1.19.2+build.28-v2.jar:?]
	at java.util.concurrent.CompletableFuture$AsyncSupply.run$$$capture(CompletableFuture.java:1768) [?:?]
	at java.util.concurrent.CompletableFuture$AsyncSupply.run(CompletableFuture.java) [?:?]
	at java.util.concurrent.CompletableFuture$AsyncSupply.exec(CompletableFuture.java:1760) [?:?]
	at java.util.concurrent.ForkJoinTask.doExec$$$capture(ForkJoinTask.java:373) [?:?]
	at java.util.concurrent.ForkJoinTask.doExec(ForkJoinTask.java) [?:?]
	at java.util.concurrent.ForkJoinPool$WorkQueue.topLevelExec(ForkJoinPool.java:1182) [?:?]
	at java.util.concurrent.ForkJoinPool.scan(ForkJoinPool.java:1655) [?:?]
	at java.util.concurrent.ForkJoinPool.runWorker(ForkJoinPool.java:1622) [?:?]
	at java.util.concurrent.ForkJoinWorkerThread.run(ForkJoinWorkerThread.java:165) [?:?]
[09:40:18] [Render thread/INFO] (Minecraft) Reloading ResourceManager: Default, Fabric Mods (Fabric Client Tags, Fabric Biome API (v1), Fabric Data Generation API (v1), Fabric Item Groups (v0), Fabric Rendering (v1), Fabric Models (v0), Fabric Renderer API (v1), Fabric Object Builder API (v1), Fabric Loader, Fabric Loot API (v2), Fabric Registry Sync (v0), Fabric Mining Level API (v1), Fabric Particles (v1), Fabric Game Rule API (v1), Fabric Transfer API (v1), Fabric Command API (v2), Fabric API Lookup API (v1), Fabric Lifecycle Events (v1), Fabric Events Interaction (v0), Fabric Transitive Access Wideners (v1), Fabric Content Registries (v0), Fabric Dimensions API (v1), Fabric Item API (v1), Fabric Block API (v1), Fabric Networking API (v1), Fabric Message API (v1), Fabric API Base, Fabric BlockRenderLayer Registration (v1), Fabric Screen API (v1), Railway Company and Passengers, Fabric Entity Events (v1), Fabric Convention Tags, Fabric Game Test API (v1), Fabric Recipe API (v1), Fabric Rendering Fluids (v1), Fabric Renderer - Indigo, Minecraft Transit Railway, Fabric Key Binding API (v1), Fabric Resource Loader (v0), Fabric Crash Report Info (v1), Fabric Screen Handler API (v1), Fabric Resource Conditions API (v1), Fabric Textures (v0), Fabric Rendering Data Attachment (v1), Fabric Sound API (v1), Fabric API)
[09:40:20] [Realms Notification Availability checker #1/INFO] (Minecraft) Could not authorize you against Realms server: java.lang.RuntimeException: Failed to parse into SignedJWT: FabricMC
[09:40:22] [Render thread/WARN] (Minecraft) Missing sound for event: minecraft:item.goat_horn.play
[09:40:22] [Render thread/WARN] (Minecraft) Missing sound for event: minecraft:entity.goat.screaming.horn_break
[09:40:23] [Render thread/INFO] (Minecraft) OpenAL initialized on device OpenAL Soft on スピーカー/ヘッドホン (Realtek(R) Audio)
[09:40:23] [Render thread/INFO] (Minecraft) Sound engine started
[09:40:23] [Render thread/INFO] (Minecraft) Created: 4096x4096x4 minecraft:textures/atlas/blocks.png-atlas
[09:40:23] [Render thread/INFO] (Minecraft) Created: 256x128x4 minecraft:textures/atlas/signs.png-atlas
[09:40:23] [Render thread/INFO] (Minecraft) Created: 1024x512x4 minecraft:textures/atlas/banner_patterns.png-atlas
[09:40:23] [Render thread/INFO] (Minecraft) Created: 1024x512x4 minecraft:textures/atlas/shield_patterns.png-atlas
[09:40:23] [Render thread/INFO] (Minecraft) Created: 256x256x4 minecraft:textures/atlas/chest.png-atlas
[09:40:23] [Render thread/INFO] (Minecraft) Created: 512x256x4 minecraft:textures/atlas/beds.png-atlas
[09:40:23] [Render thread/INFO] (Minecraft) Created: 512x256x4 minecraft:textures/atlas/shulker_boxes.png-atlas
[09:40:24] [Render thread/WARN] (Minecraft) Shader rendertype_entity_translucent_emissive could not find sampler named Sampler2 in the specified shader program.
[09:40:24] [Render thread/INFO] (Minecraft) Created: 512x256x0 minecraft:textures/atlas/particles.png-atlas
[09:40:24] [Render thread/INFO] (Minecraft) Created: 256x256x0 minecraft:textures/atlas/paintings.png-atlas
[09:40:24] [Render thread/INFO] (Minecraft) Created: 256x128x0 minecraft:textures/atlas/mob_effects.png-atlas
[09:40:25] [Render thread/INFO] (Minecraft) [STDOUT]: Refreshing dynamic resources
[09:40:25] [Render thread/INFO] (Minecraft) [STDOUT]: Loaded 0 custom train(s)
[09:40:25] [Render thread/INFO] (Minecraft) [STDOUT]: Loaded 0 custom sign(s)
[09:40:40] [Render thread/INFO] (Minecraft) Loaded 7 recipes
[09:40:42] [Render thread/INFO] (Minecraft) Loaded 1179 advancements
[09:40:43] [Worker-Main-7/ERROR] (Minecraft) Failed to retrieve profile key pair
java.io.IOException: Could not retrieve profile key pair
	at net.minecraft.client.util.ProfileKeys.fetchKeyPair(ProfileKeys.java:130) ~[minecraft-clientOnly-2c60f55561-1.19.2-net.fabricmc.yarn.1_19_2.1.19.2+build.28-v2.jar:?]
	at net.minecraft.client.util.ProfileKeys.method_44291(ProfileKeys.java:69) ~[minecraft-clientOnly-2c60f55561-1.19.2-net.fabricmc.yarn.1_19_2.1.19.2+build.28-v2.jar:?]
	at java.util.concurrent.CompletableFuture$AsyncSupply.run$$$capture(CompletableFuture.java:1768) [?:?]
	at java.util.concurrent.CompletableFuture$AsyncSupply.run(CompletableFuture.java) [?:?]
	at java.util.concurrent.CompletableFuture$AsyncSupply.exec(CompletableFuture.java:1760) [?:?]
	at java.util.concurrent.ForkJoinTask.doExec$$$capture(ForkJoinTask.java:373) [?:?]
	at java.util.concurrent.ForkJoinTask.doExec(ForkJoinTask.java) [?:?]
	at java.util.concurrent.ForkJoinPool$WorkQueue.topLevelExec(ForkJoinPool.java:1182) [?:?]
	at java.util.concurrent.ForkJoinPool.scan(ForkJoinPool.java:1655) [?:?]
	at java.util.concurrent.ForkJoinPool.runWorker(ForkJoinPool.java:1622) [?:?]
	at java.util.concurrent.ForkJoinWorkerThread.run(ForkJoinWorkerThread.java:165) [?:?]
[09:40:43] [Render thread/INFO] (BiomeModificationImpl) Applied 0 biome modifications to 0 of 63 new biomes in 2.994 ms
[09:40:43] [Server thread/INFO] (Server) jetty-9.4.51.v20230217; built: 2023-02-17T08:19:37.309Z; git: b45c405e4544384de066f814ed42ae3dceacdd49; jvm 17.0.12+8-LTS-286
[09:40:44] [Server thread/INFO] (ContextHandler) Started m.l.o.e.j.s.ServletContextHandler@4e187926{/,jar:file:/C:/Work/Modding/Railway%20Company%20and%20Passengers-MTR3/.gradle/loom-cache/remapped_mods/net_fabricmc_yarn_1_19_2_1_19_2_build_28_v2/curse/maven/minecraft-transit-railway-266707/4505539/minecraft-transit-railway-266707-4505539.jar!/assets/mtr/website/,AVAILABLE}
[09:40:44] [Server thread/INFO] (AbstractConnector) Started ServerConnector@7a87183a{HTTP/1.1, (http/1.1)}{0.0.0.0:8888}
[09:40:44] [Server thread/INFO] (Server) Started @48760ms
[09:40:44] [Server thread/INFO] (Minecraft) Starting integrated minecraft server version 1.19.2
[09:40:44] [Server thread/INFO] (Minecraft) Generating keypair
[09:40:45] [Server thread/INFO] (Minecraft) Preparing start region for dimension minecraft:overworld
[09:40:48] [Render thread/INFO] (Minecraft) スポーン地点を準備中：0%
[09:40:48] [Render thread/INFO] (Minecraft) スポーン地点を準備中：0%
[09:40:48] [Render thread/INFO] (Minecraft) スポーン地点を準備中：0%
[09:40:48] [Render thread/INFO] (Minecraft) スポーン地点を準備中：0%
[09:40:48] [Render thread/INFO] (Minecraft) スポーン地点を準備中：0%
[09:40:48] [Render thread/INFO] (Minecraft) スポーン地点を準備中：0%
[09:40:48] [Render thread/INFO] (Minecraft) スポーン地点を準備中：0%
[09:40:48] [Render thread/INFO] (Minecraft) スポーン地点を準備中：0%
[09:40:49] [Render thread/INFO] (Minecraft) スポーン地点を準備中：0%
[09:40:49] [Render thread/INFO] (Minecraft) スポーン地点を準備中：11%
[09:40:50] [Render thread/INFO] (Minecraft) Time elapsed: 5191 ms
[09:40:50] [Server thread/INFO] (Minecraft) [STDOUT]: Minecraft Transit Railway data successfully loaded for minecraft:overworld
[09:40:50] [Server thread/INFO] (Minecraft) [STDOUT]: Dynamp is not loaded
[09:40:50] [Server thread/INFO] (Minecraft) [STDOUT]: BlueMap is not loaded
[09:40:50] [Server thread/INFO] (Minecraft) [STDOUT]: Squaremap is not loaded
[09:40:50] [Server thread/INFO] (Minecraft) [STDOUT]: Minecraft Transit Railway data successfully loaded for minecraft:the_end
[09:40:50] [Server thread/INFO] (Minecraft) [STDOUT]: Dynamp is not loaded
[09:40:50] [Server thread/INFO] (Minecraft) [STDOUT]: BlueMap is not loaded
[09:40:50] [Server thread/INFO] (Minecraft) [STDOUT]: Squaremap is not loaded
[09:40:50] [Server thread/INFO] (Minecraft) [STDOUT]: Minecraft Transit Railway data successfully loaded for minecraft:the_nether
[09:40:50] [Server thread/INFO] (Minecraft) [STDOUT]: Dynamp is not loaded
[09:40:50] [Server thread/INFO] (Minecraft) [STDOUT]: BlueMap is not loaded
[09:40:50] [Server thread/INFO] (Minecraft) [STDOUT]: Squaremap is not loaded
[09:40:50] [Server thread/INFO] (Minecraft) Changing view distance to 12, from 10
[09:40:50] [Server thread/INFO] (Minecraft) Changing simulation distance to 12, from 0
[09:40:56] [Server thread/INFO] (Minecraft) Player168[local:E:46005c4a] logged in with entity id 11 at (10.5, -60.0, -2.5)
[09:40:56] [Server thread/INFO] (Minecraft) Player168がゲームに参加しました
[09:41:00] [Render thread/INFO] (Minecraft) [STDOUT]: Refreshed MTR mod config
[09:41:00] [Render thread/INFO] (Minecraft) [STDOUT]: Not running in Replay Mod mode
[09:41:00] [Render thread/INFO] (Minecraft) [STDOUT]: Vivecraft not detected
[09:41:00] [Render thread/INFO] (Minecraft) [STDOUT]: Pehkui not detected
[09:41:01] [Render thread/INFO] (Minecraft) [STDOUT]: Refreshing dynamic resources
[09:41:01] [Render thread/INFO] (Minecraft) Loaded 0 advancements
[09:41:02] [Render thread/INFO] (Minecraft) [STDOUT]: Tick skip updated to 2
[09:41:02] [Server thread/INFO] (Minecraft) Saving and pausing game...
[09:41:02] [Server thread/INFO] (Minecraft) Saving chunks for level 'ServerLevel[新規ワールド]'/minecraft:overworld
[09:41:02] [Server thread/INFO] (Minecraft) Saving chunks for level 'ServerLevel[新規ワールド]'/minecraft:the_end
[09:41:02] [Server thread/INFO] (Minecraft) Saving chunks for level 'ServerLevel[新規ワールド]'/minecraft:the_nether
[09:41:03] [Render thread/INFO] (Minecraft) [STDOUT]: Tick skip updated to 1
[09:41:05] [Worker-Bootstrap-3/INFO] (Minecraft) 4283 Datafixer optimizations took 59863 milliseconds
[09:41:11] [Server thread/INFO] (Minecraft) ［Player168：Player168に[住宅ブロック]を1個与えました］
[09:41:11] [Render thread/INFO] (Minecraft) [System] [CHAT] Player168に[住宅ブロック]を1個与えました
[09:41:14] [Server thread/INFO] (Minecraft) ［Player168：Player168に[職場ブロック]を1個与えました］
[09:41:14] [Render thread/INFO] (Minecraft) [System] [CHAT] Player168に[職場ブロック]を1個与えました
[09:41:17] [Server thread/INFO] (Minecraft) ［Player168：Player168に[乗車位置ブロック]を1個与えました］
[09:41:17] [Render thread/INFO] (Minecraft) [System] [CHAT] Player168に[乗車位置ブロック]を1個与えました
[09:41:59] [Server thread/INFO] (Minecraft) Saving and pausing game...
[09:41:59] [Server thread/INFO] (Minecraft) Saving chunks for level 'ServerLevel[新規ワールド]'/minecraft:overworld
[09:41:59] [Server thread/INFO] (Minecraft) Saving chunks for level 'ServerLevel[新規ワールド]'/minecraft:the_end
[09:41:59] [Server thread/INFO] (Minecraft) Saving chunks for level 'ServerLevel[新規ワールド]'/minecraft:the_nether
[10:03:23] [Netty Server IO #1/INFO] (AbstractConnector) Stopped ServerConnector@7a87183a{HTTP/1.1, (http/1.1)}{0.0.0.0:8888}
[10:03:23] [Netty Server IO #1/INFO] (ContextHandler) Stopped m.l.o.e.j.s.ServletContextHandler@4e187926{/,jar:file:/C:/Work/Modding/Railway%20Company%20and%20Passengers-MTR3/.gradle/loom-cache/remapped_mods/net_fabricmc_yarn_1_19_2_1_19_2_build_28_v2/curse/maven/minecraft-transit-railway-266707/4505539/minecraft-transit-railway-266707-4505539.jar!/assets/mtr/website/,STOPPED}
[10:03:23] [Server thread/INFO] (Minecraft) Player168 lost connection: 切断されました
[10:03:23] [Server thread/INFO] (Minecraft) Player168がゲームを退出しました
[10:03:23] [Server thread/INFO] (Minecraft) Stopping singleplayer server as player logged out
[10:03:23] [Server thread/INFO] (Minecraft) Stopping server
[10:03:23] [Server thread/INFO] (Minecraft) Saving players
[10:03:23] [Server thread/INFO] (Minecraft) Saving worlds
[10:03:24] [Server thread/INFO] (Minecraft) Saving chunks for level 'ServerLevel[新規ワールド]'/minecraft:overworld
[10:03:25] [Server thread/INFO] (Minecraft) Saving chunks for level 'ServerLevel[新規ワールド]'/minecraft:the_end
[10:03:25] [Server thread/INFO] (Minecraft) Saving chunks for level 'ServerLevel[新規ワールド]'/minecraft:the_nether
[10:03:25] [Server thread/INFO] (Minecraft) ThreadedAnvilChunkStorage (新規ワールド): All chunks are saved
[10:03:25] [Server thread/INFO] (Minecraft) ThreadedAnvilChunkStorage (DIM1): All chunks are saved
[10:03:25] [Server thread/INFO] (Minecraft) ThreadedAnvilChunkStorage (DIM-1): All chunks are saved
[10:03:25] [Server thread/INFO] (Minecraft) ThreadedAnvilChunkStorage: All dimensions are saved
[10:03:29] [Render thread/INFO] (Minecraft) Stopping!
